2022-09-12 15:49:05,164 INFO  [org.jboss.modules] (main) JBoss Modules version 2.0.2.Final
2022-09-12 15:49:05,631 INFO  [org.jboss.msc] (main) JBoss MSC version 1.4.13.Final
2022-09-12 15:49:05,638 INFO  [org.jboss.threads] (main) JBoss Threads version 2.4.0.Final
2022-09-12 15:49:05,753 INFO  [org.jboss.as] (MSC service thread 1-2) WFLYSRV0049: WildFly Full 26.1.2.Final (WildFly Core 18.1.2.Final) starting
2022-09-12 15:49:05,755 DEBUG [org.jboss.as.config] (MSC service thread 1-2) Configured system properties:
	[Standalone] = 
	awt.toolkit = sun.lwawt.macosx.LWCToolkit
	file.encoding = UTF-8
	file.encoding.pkg = sun.io
	file.separator = /
	ftp.nonProxyHosts = local|*.local|169.254/16|*.169.254/16
	gopherProxySet = false
	http.nonProxyHosts = local|*.local|169.254/16|*.169.254/16
	java.awt.graphicsenv = sun.awt.CGraphicsEnvironment
	java.awt.headless = true
	java.awt.printerjob = sun.lwawt.macosx.CPrinterJob
	java.class.path = /Users/mohammadaljobairi/Downloads/jsf-maven/jsf-demo/target/wildfly-26.1.2.Final/jboss-modules.jar
	java.class.version = 52.0
	java.endorsed.dirs = /Library/Java/JavaVirtualMachines/jdk1.8.0_202.jdk/Contents/Home/jre/lib/endorsed
	java.ext.dirs = /Users/mohammadaljobairi/Library/Java/Extensions:/Library/Java/JavaVirtualMachines/jdk1.8.0_202.jdk/Contents/Home/jre/lib/ext:/Library/Java/Extensions:/Network/Library/Java/Extensions:/System/Library/Java/Extensions:/usr/lib/java
	java.home = /Library/Java/JavaVirtualMachines/jdk1.8.0_202.jdk/Contents/Home/jre
	java.io.tmpdir = /var/folders/31/j_9j7kw10q56ddsv7thm7zdw0000gn/T/
	java.library.path = /Users/mohammadaljobairi/Library/Java/Extensions:/Library/Java/Extensions:/Network/Library/Java/Extensions:/System/Library/Java/Extensions:/usr/lib/java:.
	java.net.preferIPv4Stack = true
	java.runtime.name = Java(TM) SE Runtime Environment
	java.runtime.version = 1.8.0_202-b08
	java.specification.name = Java Platform API Specification
	java.specification.vendor = Oracle Corporation
	java.specification.version = 1.8
	java.util.logging.manager = org.jboss.logmanager.LogManager
	java.vendor = Oracle Corporation
	java.vendor.url = http://java.oracle.com/
	java.vendor.url.bug = http://bugreport.sun.com/bugreport/
	java.version = 1.8.0_202
	java.vm.info = mixed mode
	java.vm.name = Java HotSpot(TM) 64-Bit Server VM
	java.vm.specification.name = Java Virtual Machine Specification
	java.vm.specification.vendor = Oracle Corporation
	java.vm.specification.version = 1.8
	java.vm.vendor = Oracle Corporation
	java.vm.version = 25.202-b08
	javax.management.builder.initial = org.jboss.as.jmx.PluggableMBeanServerBuilder
	jboss.home.dir = /Users/mohammadaljobairi/Downloads/jsf-maven/jsf-demo/target/wildfly-26.1.2.Final
	jboss.host.name = mohammads-macbook-pro
	jboss.modules.dir = /Users/mohammadaljobairi/Downloads/jsf-maven/jsf-demo/target/wildfly-26.1.2.Final/modules
	jboss.modules.system.pkgs = org.jboss.byteman
	jboss.node.name = mohammads-macbook-pro
	jboss.qualified.host.name = mohammads-macbook-pro.local
	jboss.server.base.dir = /Users/mohammadaljobairi/Downloads/jsf-maven/jsf-demo/target/wildfly-26.1.2.Final/standalone
	jboss.server.config.dir = /Users/mohammadaljobairi/Downloads/jsf-maven/jsf-demo/target/wildfly-26.1.2.Final/standalone/configuration
	jboss.server.data.dir = /Users/mohammadaljobairi/Downloads/jsf-maven/jsf-demo/target/wildfly-26.1.2.Final/standalone/data
	jboss.server.deploy.dir = /Users/mohammadaljobairi/Downloads/jsf-maven/jsf-demo/target/wildfly-26.1.2.Final/standalone/data/content
	jboss.server.log.dir = /Users/mohammadaljobairi/Downloads/jsf-maven/jsf-demo/target/wildfly-26.1.2.Final/standalone/log
	jboss.server.name = mohammads-macbook-pro
	jboss.server.persist.config = true
	jboss.server.temp.dir = /Users/mohammadaljobairi/Downloads/jsf-maven/jsf-demo/target/wildfly-26.1.2.Final/standalone/tmp
	line.separator = 

	logging.configuration = file:/Users/mohammadaljobairi/Downloads/jsf-maven/jsf-demo/target/wildfly-26.1.2.Final/standalone/configuration/logging.properties
	module.path = /Users/mohammadaljobairi/Downloads/jsf-maven/jsf-demo/target/wildfly-26.1.2.Final/modules
	org.jboss.boot.log.file = /Users/mohammadaljobairi/Downloads/jsf-maven/jsf-demo/target/wildfly-26.1.2.Final/standalone/log/server.log
	org.jboss.resolver.warning = true
	os.arch = x86_64
	os.name = Mac OS X
	os.version = 10.16
	path.separator = :
	socksNonProxyHosts = local|*.local|169.254/16|*.169.254/16
	sun.arch.data.model = 64
	sun.boot.class.path = /Library/Java/JavaVirtualMachines/jdk1.8.0_202.jdk/Contents/Home/jre/lib/resources.jar:/Library/Java/JavaVirtualMachines/jdk1.8.0_202.jdk/Contents/Home/jre/lib/rt.jar:/Library/Java/JavaVirtualMachines/jdk1.8.0_202.jdk/Contents/Home/jre/lib/sunrsasign.jar:/Library/Java/JavaVirtualMachines/jdk1.8.0_202.jdk/Contents/Home/jre/lib/jsse.jar:/Library/Java/JavaVirtualMachines/jdk1.8.0_202.jdk/Contents/Home/jre/lib/jce.jar:/Library/Java/JavaVirtualMachines/jdk1.8.0_202.jdk/Contents/Home/jre/lib/charsets.jar:/Library/Java/JavaVirtualMachines/jdk1.8.0_202.jdk/Contents/Home/jre/lib/jfr.jar:/Library/Java/JavaVirtualMachines/jdk1.8.0_202.jdk/Contents/Home/jre/classes
	sun.boot.library.path = /Library/Java/JavaVirtualMachines/jdk1.8.0_202.jdk/Contents/Home/jre/lib
	sun.cpu.endian = little
	sun.cpu.isalist = 
	sun.io.unicode.encoding = UnicodeBig
	sun.java.command = /Users/mohammadaljobairi/Downloads/jsf-maven/jsf-demo/target/wildfly-26.1.2.Final/jboss-modules.jar -mp /Users/mohammadaljobairi/Downloads/jsf-maven/jsf-demo/target/wildfly-26.1.2.Final/modules org.jboss.as.standalone -Djboss.home.dir=/Users/mohammadaljobairi/Downloads/jsf-maven/jsf-demo/target/wildfly-26.1.2.Final -Djboss.server.base.dir=/Users/mohammadaljobairi/Downloads/jsf-maven/jsf-demo/target/wildfly-26.1.2.Final/standalone -Djboss.server.log.dir=/Users/mohammadaljobairi/Downloads/jsf-maven/jsf-demo/target/wildfly-26.1.2.Final/standalone/log -Djboss.server.config.dir=/Users/mohammadaljobairi/Downloads/jsf-maven/jsf-demo/target/wildfly-26.1.2.Final/standalone/configuration
	sun.java.launcher = SUN_STANDARD
	sun.jnu.encoding = UTF-8
	sun.management.compiler = HotSpot 64-Bit Tiered Compilers
	sun.os.patch.level = unknown
	user.country = JO
	user.dir = /Users/mohammadaljobairi/Downloads/jsf-maven/jsf-demo
	user.home = /Users/mohammadaljobairi
	user.language = en
	user.name = mohammadaljobairi
	user.timezone = Asia/Amman
2022-09-12 15:49:05,756 DEBUG [org.jboss.as.config] (MSC service thread 1-2) VM Arguments: -D[Standalone] -Xms64m -Xmx512m -Djava.net.preferIPv4Stack=true -Djava.awt.headless=true -Djboss.modules.system.pkgs=org.jboss.byteman -Dorg.jboss.boot.log.file=/Users/mohammadaljobairi/Downloads/jsf-maven/jsf-demo/target/wildfly-26.1.2.Final/standalone/log/server.log -Dlogging.configuration=file:/Users/mohammadaljobairi/Downloads/jsf-maven/jsf-demo/target/wildfly-26.1.2.Final/standalone/configuration/logging.properties 
2022-09-12 15:49:06,381 INFO  [org.wildfly.security] (ServerService Thread Pool -- 14) ELY00001: WildFly Elytron version 1.19.1.Final
2022-09-12 15:49:07,014 INFO  [org.jboss.as.server] (Controller Boot Thread) WFLYSRV0039: Creating http management service using socket-binding (management-http)
2022-09-12 15:49:07,032 INFO  [org.xnio] (MSC service thread 1-5) XNIO version 3.8.7.Final
2022-09-12 15:49:07,039 INFO  [org.xnio.nio] (MSC service thread 1-5) XNIO NIO Implementation Version 3.8.7.Final
2022-09-12 15:49:07,065 INFO  [org.jboss.as.jaxrs] (ServerService Thread Pool -- 56) WFLYRS0016: RESTEasy version 4.7.7.Final
2022-09-12 15:49:07,068 INFO  [org.wildfly.extension.microprofile.config.smallrye] (ServerService Thread Pool -- 64) WFLYCONF0001: Activating MicroProfile Config Subsystem
2022-09-12 15:49:07,072 INFO  [org.wildfly.extension.elytron.oidc._private] (ServerService Thread Pool -- 52) WFLYOIDC0001: Activating WildFly Elytron OIDC Subsystem
2022-09-12 15:49:07,073 INFO  [org.jboss.as.clustering.infinispan] (ServerService Thread Pool -- 54) WFLYCLINF0001: Activating Infinispan subsystem.
2022-09-12 15:49:07,087 INFO  [org.jboss.as.naming] (ServerService Thread Pool -- 67) WFLYNAM0001: Activating Naming Subsystem
2022-09-12 15:49:07,087 WARN  [org.jboss.as.txn] (ServerService Thread Pool -- 74) WFLYTX0013: The node-identifier attribute on the /subsystem=transactions is set to the default value. This is a danger for environments running multiple servers. Please make sure the attribute value is unique.
2022-09-12 15:49:07,091 INFO  [org.wildfly.extension.health] (ServerService Thread Pool -- 53) WFLYHEALTH0001: Activating Base Health Subsystem
2022-09-12 15:49:07,092 INFO  [org.wildfly.extension.microprofile.jwt.smallrye] (ServerService Thread Pool -- 65) WFLYJWT0001: Activating MicroProfile JWT Subsystem
2022-09-12 15:49:07,095 INFO  [org.wildfly.extension.io] (ServerService Thread Pool -- 55) WFLYIO001: Worker 'default' has auto-configured to 16 IO threads with 128 max task threads based on your 8 available processors
2022-09-12 15:49:07,103 INFO  [org.wildfly.extension.microprofile.opentracing] (ServerService Thread Pool -- 66) WFLYTRACEXT0001: Activating MicroProfile OpenTracing Subsystem
2022-09-12 15:49:07,104 INFO  [org.wildfly.extension.metrics] (ServerService Thread Pool -- 63) WFLYMETRICS0001: Activating Base Metrics Subsystem
2022-09-12 15:49:07,108 INFO  [org.jboss.as.webservices] (ServerService Thread Pool -- 76) WFLYWS0002: Activating WebServices Extension
2022-09-12 15:49:07,115 INFO  [org.jboss.as.jsf] (ServerService Thread Pool -- 61) WFLYJSF0007: Activated the following Jakarta Server Faces Implementations: [main]
2022-09-12 15:49:07,118 INFO  [org.jboss.as.connector] (MSC service thread 1-6) WFLYJCA0009: Starting Jakarta Connectors Subsystem (WildFly/IronJacamar 1.5.3.Final)
2022-09-12 15:49:07,128 INFO  [org.jboss.as.connector.subsystems.datasources] (ServerService Thread Pool -- 44) WFLYJCA0004: Deploying JDBC-compliant driver class org.h2.Driver (version 1.4)
2022-09-12 15:49:07,133 INFO  [org.jboss.as.naming] (MSC service thread 1-8) WFLYNAM0003: Starting Naming Service
2022-09-12 15:49:07,134 INFO  [org.jboss.as.connector.deployers.jdbc] (MSC service thread 1-5) WFLYJCA0018: Started Driver service with driver-name = h2
2022-09-12 15:49:07,135 INFO  [org.jboss.as.mail.extension] (MSC service thread 1-8) WFLYMAIL0001: Bound mail session [java:jboss/mail/Default]
2022-09-12 15:49:07,141 INFO  [org.wildfly.extension.undertow] (MSC service thread 1-6) WFLYUT0003: Undertow 2.2.19.Final starting
2022-09-12 15:49:07,156 INFO  [org.jboss.remoting] (MSC service thread 1-2) JBoss Remoting version 5.0.25.Final
2022-09-12 15:49:07,177 WARN  [org.wildfly.extension.elytron] (MSC service thread 1-1) WFLYELY00023: KeyStore file '/Users/mohammadaljobairi/Downloads/jsf-maven/jsf-demo/target/wildfly-26.1.2.Final/standalone/configuration/application.keystore' does not exist. Used blank.
2022-09-12 15:49:07,187 WARN  [org.wildfly.extension.elytron] (MSC service thread 1-1) WFLYELY01084: KeyStore /Users/mohammadaljobairi/Downloads/jsf-maven/jsf-demo/target/wildfly-26.1.2.Final/standalone/configuration/application.keystore not found, it will be auto generated on first use with a self-signed certificate for host localhost
2022-09-12 15:49:07,201 INFO  [org.wildfly.extension.undertow] (ServerService Thread Pool -- 75) WFLYUT0014: Creating file handler for path '/Users/mohammadaljobairi/Downloads/jsf-maven/jsf-demo/target/wildfly-26.1.2.Final/welcome-content' with options [directory-listing: 'false', follow-symlink: 'false', case-sensitive: 'true', safe-symlink-paths: '[]']
2022-09-12 15:49:07,207 INFO  [org.wildfly.extension.undertow] (MSC service thread 1-1) WFLYUT0012: Started server default-server.
2022-09-12 15:49:07,207 INFO  [org.wildfly.extension.undertow] (MSC service thread 1-6) Queuing requests.
2022-09-12 15:49:07,208 INFO  [org.wildfly.extension.undertow] (MSC service thread 1-6) WFLYUT0018: Host default-host starting
2022-09-12 15:49:07,303 INFO  [org.jboss.as.ejb3] (MSC service thread 1-2) WFLYEJB0482: Strict pool mdb-strict-max-pool is using a max instance size of 32 (per class), which is derived from the number of CPUs on this host.
2022-09-12 15:49:07,303 INFO  [org.jboss.as.ejb3] (MSC service thread 1-4) WFLYEJB0481: Strict pool slsb-strict-max-pool is using a max instance size of 128 (per class), which is derived from thread worker pool sizing.
2022-09-12 15:49:07,304 INFO  [org.wildfly.extension.undertow] (MSC service thread 1-1) WFLYUT0006: Undertow HTTP listener default listening on 127.0.0.1:8080
2022-09-12 15:49:07,368 INFO  [org.jboss.as.ejb3] (MSC service thread 1-5) WFLYEJB0493: Jakarta Enterprise Beans subsystem suspension complete
2022-09-12 15:49:07,709 INFO  [org.jboss.as.connector.subsystems.datasources] (MSC service thread 1-5) WFLYJCA0001: Bound data source [java:jboss/datasources/ExampleDS]
2022-09-12 15:49:07,712 INFO  [org.wildfly.extension.undertow] (MSC service thread 1-2) WFLYUT0006: Undertow HTTPS listener https listening on 127.0.0.1:8443
2022-09-12 15:49:07,928 INFO  [org.jboss.as.patching] (MSC service thread 1-3) WFLYPAT0050: WildFly Full cumulative patch ID is: base, one-off patches include: none
2022-09-12 15:49:07,934 INFO  [org.jboss.as.server.deployment.scanner] (MSC service thread 1-5) WFLYDS0013: Started FileSystemDeploymentService for directory /Users/mohammadaljobairi/Downloads/jsf-maven/jsf-demo/target/wildfly-26.1.2.Final/standalone/deployments
2022-09-12 15:49:07,997 INFO  [org.jboss.ws.common.management] (MSC service thread 1-2) JBWS022052: Starting JBossWS 5.5.0.Final (Apache CXF 3.4.7) 
2022-09-12 15:49:08,091 INFO  [org.jboss.as.server] (Controller Boot Thread) WFLYSRV0212: Resuming server
2022-09-12 15:49:08,093 INFO  [org.jboss.as] (Controller Boot Thread) WFLYSRV0025: WildFly Full 26.1.2.Final (WildFly Core 18.1.2.Final) started in 3243ms - Started 298 of 538 services (337 services are lazy, passive or on-demand) - Server configuration file in use: standalone.xml
2022-09-12 15:49:08,094 INFO  [org.jboss.as] (Controller Boot Thread) WFLYSRV0060: Http management interface listening on http://127.0.0.1:9990/management
2022-09-12 15:49:08,094 INFO  [org.jboss.as] (Controller Boot Thread) WFLYSRV0051: Admin console listening on http://127.0.0.1:9990
2022-09-12 15:49:08,554 INFO  [org.jboss.as.repository] (management-handler-thread - 1) WFLYDR0001: Content added at location /Users/mohammadaljobairi/Downloads/jsf-maven/jsf-demo/target/wildfly-26.1.2.Final/standalone/data/content/70/e3d4bc03f82c9e7e31f7e1f80f82f295ef4330/content
2022-09-12 15:49:08,575 INFO  [org.jboss.as.server.deployment] (MSC service thread 1-3) WFLYSRV0027: Starting deployment of "jsf-demo.war" (runtime-name: "jsf-demo.war")
2022-09-12 15:49:10,268 WARN  [org.jboss.as.server.deployment] (MSC service thread 1-6) WFLYSRV0059: Class Path entry groovy-2.1.6.jar in /content/jsf-demo.war/WEB-INF/lib/aesh-extensions-1.6.jar  does not point to a valid jar for a Class-Path reference.
2022-09-12 15:49:10,268 WARN  [org.jboss.as.server.deployment] (MSC service thread 1-6) WFLYSRV0059: Class Path entry antlr-2.7.7.jar in /content/jsf-demo.war/WEB-INF/lib/aesh-extensions-1.6.jar  does not point to a valid jar for a Class-Path reference.
2022-09-12 15:49:10,269 WARN  [org.jboss.as.server.deployment] (MSC service thread 1-6) WFLYSRV0059: Class Path entry asm-tree-4.0.jar in /content/jsf-demo.war/WEB-INF/lib/aesh-extensions-1.6.jar  does not point to a valid jar for a Class-Path reference.
2022-09-12 15:49:10,269 WARN  [org.jboss.as.server.deployment] (MSC service thread 1-6) WFLYSRV0059: Class Path entry asm-commons-4.0.jar in /content/jsf-demo.war/WEB-INF/lib/aesh-extensions-1.6.jar  does not point to a valid jar for a Class-Path reference.
2022-09-12 15:49:10,269 WARN  [org.jboss.as.server.deployment] (MSC service thread 1-6) WFLYSRV0059: Class Path entry asm-4.0.jar in /content/jsf-demo.war/WEB-INF/lib/aesh-extensions-1.6.jar  does not point to a valid jar for a Class-Path reference.
2022-09-12 15:49:10,269 WARN  [org.jboss.as.server.deployment] (MSC service thread 1-6) WFLYSRV0059: Class Path entry asm-util-4.0.jar in /content/jsf-demo.war/WEB-INF/lib/aesh-extensions-1.6.jar  does not point to a valid jar for a Class-Path reference.
2022-09-12 15:49:10,270 WARN  [org.jboss.as.server.deployment] (MSC service thread 1-6) WFLYSRV0059: Class Path entry asm-analysis-4.0.jar in /content/jsf-demo.war/WEB-INF/lib/aesh-extensions-1.6.jar  does not point to a valid jar for a Class-Path reference.
2022-09-12 15:49:10,288 WARN  [org.jboss.as.server.deployment] (MSC service thread 1-6) WFLYSRV0059: Class Path entry aesh-terminal-api-1.10.jar in /content/jsf-demo.war/WEB-INF/lib/aesh-readline-1.10.jar  does not point to a valid jar for a Class-Path reference.
2022-09-12 15:49:10,770 INFO  [org.jboss.weld.deployer] (MSC service thread 1-3) WFLYWELD0003: Processing weld deployment jsf-demo.war
2022-09-12 15:49:10,876 INFO  [org.hibernate.validator.internal.util.Version] (MSC service thread 1-3) HV000001: Hibernate Validator 6.0.23.Final
2022-09-12 15:49:11,199 INFO  [io.jaegertracing.internal.JaegerTracer] (MSC service thread 1-3) No shutdown hook registered: Please call close() manually on application shutdown.
2022-09-12 15:49:11,202 INFO  [org.wildfly.microprofile.opentracing.smallrye] (MSC service thread 1-3) WFLYTRAC0001: Tracer initialized: JaegerTracer(version=Java-1.6.0, serviceName=jsf-demo.war, reporter=RemoteReporter(sender=org.wildfly.extension.microprofile.opentracing.spi.sender.WildFlySender@1098c739, closeEnqueueTimeout=1000), sampler=ConstSampler(decision=true, tags={sampler.type=const, sampler.param=true}), tags={hostname=Mohammads-MacBook-Pro.local, jaeger.version=Java-1.6.0, ip=192.168.1.70}, zipkinSharedRpcSpan=false, expandExceptionLogs=false, useTraceId128Bit=false)
2022-09-12 15:49:11,500 INFO  [org.jboss.weld.Version] (MSC service thread 1-1) WELD-000900: 3.1.9 (Final)
2022-09-12 15:49:11,503 INFO  [org.infinispan.CONTAINER] (ServerService Thread Pool -- 78) ISPN000128: Infinispan version: Infinispan 'Triskaidekaphobia' 13.0.10.Final
2022-09-12 15:49:11,591 INFO  [org.infinispan.CONTAINER] (ServerService Thread Pool -- 78) ISPN000556: Starting user marshaller 'org.wildfly.clustering.infinispan.spi.marshalling.InfinispanProtoStreamMarshaller'
2022-09-12 15:49:12,247 INFO  [org.infinispan.CONFIG] (MSC service thread 1-1) ISPN000152: Passivation configured without an eviction policy being selected. Only manually evicted entities will be passivated.
2022-09-12 15:49:12,248 INFO  [org.infinispan.CONFIG] (MSC service thread 1-1) ISPN000152: Passivation configured without an eviction policy being selected. Only manually evicted entities will be passivated.
2022-09-12 15:49:12,264 INFO  [org.infinispan.CONTAINER] (ServerService Thread Pool -- 78) ISPN000025: wakeUpInterval is <= 0, not starting expired purge thread
2022-09-12 15:49:12,267 INFO  [org.jboss.as.clustering.infinispan] (ServerService Thread Pool -- 78) WFLYCLINF0002: Started http-remoting-connector cache from ejb container
2022-09-12 15:49:12,651 INFO  [javax.enterprise.resource.webcontainer.jsf.config] (ServerService Thread Pool -- 19) Initializing Mojarra 2.3.17.SP01 for context '/jsf-demo'
2022-09-12 15:49:13,670 INFO  [org.primefaces.webapp.PostConstructApplicationEventListener] (ServerService Thread Pool -- 19) Running on PrimeFaces 7.0
2022-09-12 15:49:13,695 INFO  [org.wildfly.extension.undertow] (ServerService Thread Pool -- 19) WFLYUT0021: Registered web context: '/jsf-demo' for server 'default-server'
2022-09-12 15:49:13,740 INFO  [org.jboss.as.server] (management-handler-thread - 1) WFLYSRV0010: Deployed "jsf-demo.war" (runtime-name : "jsf-demo.war")
2022-09-12 15:49:47,405 INFO  [org.jboss.as.server] (Thread-2) WFLYSRV0272: Suspending server
2022-09-12 15:49:47,407 INFO  [org.jboss.as.ejb3] (Thread-2) WFLYEJB0493: Jakarta Enterprise Beans subsystem suspension complete
2022-09-12 15:49:47,410 INFO  [org.jboss.as.server] (Thread-2) WFLYSRV0220: Server shutdown has been requested via an OS signal
2022-09-12 15:49:47,420 INFO  [org.jboss.as.mail.extension] (MSC service thread 1-3) WFLYMAIL0002: Unbound mail session [java:jboss/mail/Default]
2022-09-12 15:49:47,424 INFO  [org.wildfly.extension.undertow] (ServerService Thread Pool -- 82) WFLYUT0022: Unregistered web context: '/jsf-demo' from server 'default-server'
2022-09-12 15:49:47,437 INFO  [org.wildfly.extension.undertow] (MSC service thread 1-6) WFLYUT0019: Host default-host stopping
2022-09-12 15:49:47,447 INFO  [org.jboss.as.clustering.infinispan] (ServerService Thread Pool -- 89) WFLYCLINF0003: Stopped http-remoting-connector cache from ejb container
2022-09-12 15:49:47,467 INFO  [org.jboss.as.connector.subsystems.datasources] (MSC service thread 1-3) WFLYJCA0010: Unbound data source [java:jboss/datasources/ExampleDS]
2022-09-12 15:49:47,469 INFO  [org.jboss.as.connector.deployers.jdbc] (MSC service thread 1-2) WFLYJCA0019: Stopped Driver service with driver-name = h2
2022-09-12 15:49:47,489 INFO  [org.wildfly.extension.undertow] (MSC service thread 1-4) WFLYUT0008: Undertow HTTPS listener https suspending
2022-09-12 15:49:47,489 INFO  [org.wildfly.extension.undertow] (MSC service thread 1-5) WFLYUT0008: Undertow HTTP listener default suspending
2022-09-12 15:49:47,490 INFO  [org.wildfly.extension.undertow] (MSC service thread 1-4) WFLYUT0007: Undertow HTTPS listener https stopped, was bound to 127.0.0.1:8443
2022-09-12 15:49:47,490 INFO  [org.wildfly.extension.undertow] (MSC service thread 1-5) WFLYUT0007: Undertow HTTP listener default stopped, was bound to 127.0.0.1:8080
2022-09-12 15:49:47,491 INFO  [org.wildfly.extension.undertow] (MSC service thread 1-2) WFLYUT0004: Undertow 2.2.19.Final stopping
2022-09-12 15:49:47,554 INFO  [org.jboss.as.server.deployment] (MSC service thread 1-1) WFLYSRV0028: Stopped deployment jsf-demo.war (runtime-name: jsf-demo.war) in 138ms
2022-09-12 15:49:47,558 INFO  [org.jboss.as] (MSC service thread 1-5) WFLYSRV0050: WildFly Full 26.1.2.Final (WildFly Core 18.1.2.Final) stopped in 145ms
